2018-04-12 11:59:53 +0000  Initial pipeline context: <IDEDistributionProcessingPipelineContext: 0x7fa677ceebe0; archive(resolved)='<IDEArchive: 0x7fa6781b4310>', distributionTask(resolved)='2', distributionMethod(resolved)='<IDEDistributionMethodiOSEnterprise: 0x7fa6781dea40>', team(resolved)='<IDEProvisioningBasicTeam: 0x7fa65c80dbc0; teamID='5RJ955KDTW', teamName='China Mobile Group Device Co.,Ltd.'>'>
	Chain (11, self inclusive):
	<IDEDistributionProcessingPipelineContext: 0x7fa677ceebe0; archive = '<IDEArchive: 0x7fa6781b4310>', distributionMethod='<IDEDistributionMethodiOSEnterprise: 0x7fa6781dea40>', team='<IDEProvisioningBasicTeam: 0x7fa65c80dbc0; teamID='5RJ955KDTW', teamName='China Mobile Group Device Co.,Ltd.'>'>
	<IDEDistributionProcessingPipelineContext: 0x7fa65f0dbb80; archive = '<IDEArchive: 0x7fa6781b4310>', distributionMethod='<IDEDistributionMethodiOSEnterprise: 0x7fa6781dea40>', team='<IDEProvisioningBasicTeam: 0x7fa65c80dbc0; teamID='5RJ955KDTW', teamName='China Mobile Group Device Co.,Ltd.'>'>
	<IDEDistributionContext: 0x7fa65ff25cf0; archive = '<IDEArchive: 0x7fa6781b4310>', distributionMethod='<IDEDistributionMethodiOSEnterprise: 0x7fa6781dea40>', team='<IDEProvisioningBasicTeam: 0x7fa65c80dbc0; teamID='5RJ955KDTW', teamName='China Mobile Group Device Co.,Ltd.'>'>
	<IDEDistributionContext: 0x7fa65ee3c7b0; archive = '<IDEArchive: 0x7fa6781b4310>', distributionMethod='<IDEDistributionMethodiOSEnterprise: 0x7fa6781dea40>', team='<IDEProvisioningBasicTeam: 0x7fa65c80dbc0; teamID='5RJ955KDTW', teamName='China Mobile Group Device Co.,Ltd.'>'>
	<IDEDistributionContext: 0x7fa65f7cf690; archive = '<IDEArchive: 0x7fa6781b4310>', distributionMethod='<IDEDistributionMethodiOSEnterprise: 0x7fa6781dea40>', team='<IDEProvisioningBasicTeam: 0x7fa65c80dbc0; teamID='5RJ955KDTW', teamName='China Mobile Group Device Co.,Ltd.'>'>
	<IDEDistributionContext: 0x7fa65e714840; archive = '<IDEArchive: 0x7fa6781b4310>', distributionMethod='<IDEDistributionMethodiOSEnterprise: 0x7fa6781dea40>', team='<IDEProvisioningBasicTeam: 0x7fa65c80dbc0; teamID='5RJ955KDTW', teamName='China Mobile Group Device Co.,Ltd.'>'>
	<IDEDistributionContext: 0x7fa65f58c0d0; archive = '<IDEArchive: 0x7fa6781b4310>', distributionMethod='<IDEDistributionMethodiOSEnterprise: 0x7fa6781dea40>', team='<IDEProvisioningBasicTeam: 0x7fa65c80dbc0; teamID='5RJ955KDTW', teamName='China Mobile Group Device Co.,Ltd.'>'>
	<IDEDistributionContext: 0x7fa65f0f2250; archive = '<IDEArchive: 0x7fa6781b4310>', distributionMethod='<IDEDistributionMethodiOSEnterprise: 0x7fa6781dea40>', team='<IDEProvisioningBasicTeam: 0x7fa65c80dbc0; teamID='5RJ955KDTW', teamName='China Mobile Group Device Co.,Ltd.'>'>
	<IDEDistributionContext: 0x7fa65f052b10; archive = '<IDEArchive: 0x7fa6781b4310>', distributionMethod='<IDEDistributionMethodiOSEnterprise: 0x7fa6781dea40>', team='<IDEProvisioningBasicTeam: 0x7fa65c80dbc0; teamID='5RJ955KDTW', teamName='China Mobile Group Device Co.,Ltd.'>'>
	<IDEDistributionContext: 0x7fa65f6c2450; archive = '<IDEArchive: 0x7fa6781b4310>', distributionMethod='<IDEDistributionMethodiOSEnterprise: 0x7fa6781dea40>', team='(null)'>
	<IDEDistributionContext: 0x7fa65d439670; archive = '<IDEArchive: 0x7fa6781b4310>', distributionMethod='(null)', team='(null)'>
</IDEDistributionProcessingPipelineContext: 0x7fa677ceebe0>
2018-04-12 11:59:53 +0000  Processing step: IDEDistributionCreateDestRootStep
2018-04-12 11:59:53 +0000  Processing step: IDEDistributionCopyItemStep
2018-04-12 11:59:53 +0000  Running /usr/bin/ditto '-V' '/Users/worm_kc/Library/Developer/Xcode/Archives/2018-04-12/BiChat 2018-4-12 下午7.59.xcarchive/Products/Applications/BiChat.app' '/var/folders/y2/5l9h4jns7_7_9g8kpkry1pv80000gn/T/XcodeDistPipeline.xjG/Root/Payload/BiChat.app'
2018-04-12 11:59:53 +0000  >>> Copying /Users/worm_kc/Library/Developer/Xcode/Archives/2018-04-12/BiChat 2018-4-12 下午7.59.xcarchive/Products/Applications/BiChat.app 
2018-04-12 11:59:53 +0000  copying file ./_CodeSignature/CodeResources ... 
2018-04-12 11:59:53 +0000  17147 bytes for ./_CodeSignature/CodeResources
2018-04-12 11:59:53 +0000  copying file ./AppIcon40x40@2x.png ... 
6410 bytes for ./AppIcon40x40@2x.png
copying file ./AppIcon40x40@2x~ipad.png ... 
2018-04-12 11:59:53 +0000  6410 bytes for ./AppIcon40x40@2x~ipad.png
copying file ./AppIcon40x40@3x.png ... 
2018-04-12 11:59:53 +0000  10161 bytes for ./AppIcon40x40@3x.png
2018-04-12 11:59:53 +0000  copying file ./AppIcon60x60@2x.png ... 
10161 bytes for ./AppIcon60x60@2x.png
2018-04-12 11:59:53 +0000  copying file ./AppIcon60x60@3x.png ... 
2018-04-12 11:59:53 +0000  13459 bytes for ./AppIcon60x60@3x.png
copying file ./AppIcon76x76@2x~ipad.png ... 
2018-04-12 11:59:53 +0000  11164 bytes for ./AppIcon76x76@2x~ipad.png
copying file ./AppIcon76x76~ipad.png ... 
2018-04-12 11:59:53 +0000  6147 bytes for ./AppIcon76x76~ipad.png
copying file ./AppIcon83.5x83.5@2x~ipad.png ... 
2018-04-12 11:59:53 +0000  12276 bytes for ./AppIcon83.5x83.5@2x~ipad.png
copying file ./Assets.car ... 
2018-04-12 11:59:53 +0000  1691608 bytes for ./Assets.car
2018-04-12 11:59:53 +0000  copying file ./Base.lproj/LaunchScreen.storyboardc/01J-lp-oVM-view-Ze5-6b-2t3.nib ... 
1987 bytes for ./Base.lproj/LaunchScreen.storyboardc/01J-lp-oVM-view-Ze5-6b-2t3.nib
copying file ./Base.lproj/LaunchScreen.storyboardc/Info.plist ... 
258 bytes for ./Base.lproj/LaunchScreen.storyboardc/Info.plist
copying file ./Base.lproj/LaunchScreen.storyboardc/UIViewController-01J-lp-oVM.nib ... 
832 bytes for ./Base.lproj/LaunchScreen.storyboardc/UIViewController-01J-lp-oVM.nib
copying file ./Base.lproj/Main.storyboardc/5rc-Ly-hNt-view-xET-TL-v6s.nib/objects-11.0+.nib ... 
2018-04-12 11:59:53 +0000  1533 bytes for ./Base.lproj/Main.storyboardc/5rc-Ly-hNt-view-xET-TL-v6s.nib/objects-11.0+.nib
copying file ./Base.lproj/Main.storyboardc/5rc-Ly-hNt-view-xET-TL-v6s.nib/runtime.nib ... 
2018-04-12 11:59:53 +0000  1670 bytes for ./Base.lproj/Main.storyboardc/5rc-Ly-hNt-view-xET-TL-v6s.nib/runtime.nib
copying file ./Base.lproj/Main.storyboardc/6oH-WP-sPP-view-8PL-kz-amK.nib/objects-11.0+.nib ... 
2018-04-12 11:59:53 +0000  1469 bytes for ./Base.lproj/Main.storyboardc/6oH-WP-sPP-view-8PL-kz-amK.nib/objects-11.0+.nib
copying file ./Base.lproj/Main.storyboardc/6oH-WP-sPP-view-8PL-kz-amK.nib/runtime.nib ... 
2018-04-12 11:59:53 +0000  1606 bytes for ./Base.lproj/Main.storyboardc/6oH-WP-sPP-view-8PL-kz-amK.nib/runtime.nib
2018-04-12 11:59:53 +0000  copying file ./Base.lproj/Main.storyboardc/EF1-nd-o3Z-view-DGj-gd-8Ae.nib/objects-11.0+.nib ... 
2018-04-12 11:59:53 +0000  1149 bytes for ./Base.lproj/Main.storyboardc/EF1-nd-o3Z-view-DGj-gd-8Ae.nib/objects-11.0+.nib
copying file ./Base.lproj/Main.storyboardc/EF1-nd-o3Z-view-DGj-gd-8Ae.nib/runtime.nib ... 
2018-04-12 11:59:53 +0000  1998 bytes for ./Base.lproj/Main.storyboardc/EF1-nd-o3Z-view-DGj-gd-8Ae.nib/runtime.nib
copying file ./Base.lproj/Main.storyboardc/Info.plist ... 
2018-04-12 11:59:53 +0000  264 bytes for ./Base.lproj/Main.storyboardc/Info.plist
2018-04-12 11:59:53 +0000  copying file ./Base.lproj/Main.storyboardc/JFV-6P-vHB-view-A7L-4g-QfJ.nib/objects-11.0+.nib ... 
2018-04-12 11:59:53 +0000  1533 bytes for ./Base.lproj/Main.storyboardc/JFV-6P-vHB-view-A7L-4g-QfJ.nib/objects-11.0+.nib
copying file ./Base.lproj/Main.storyboardc/JFV-6P-vHB-view-A7L-4g-QfJ.nib/runtime.nib ... 
2018-04-12 11:59:53 +0000  1670 bytes for ./Base.lproj/Main.storyboardc/JFV-6P-vHB-view-A7L-4g-QfJ.nib/runtime.nib
2018-04-12 11:59:53 +0000  copying file ./Base.lproj/Main.storyboardc/rL0-mp-rhs-view-EQS-sy-oQc.nib/objects-11.0+.nib ... 
2018-04-12 11:59:53 +0000  1533 bytes for ./Base.lproj/Main.storyboardc/rL0-mp-rhs-view-EQS-sy-oQc.nib/objects-11.0+.nib
copying file ./Base.lproj/Main.storyboardc/rL0-mp-rhs-view-EQS-sy-oQc.nib/runtime.nib ... 
2018-04-12 11:59:53 +0000  1670 bytes for ./Base.lproj/Main.storyboardc/rL0-mp-rhs-view-EQS-sy-oQc.nib/runtime.nib
2018-04-12 11:59:53 +0000  copying file ./Base.lproj/Main.storyboardc/UITabBarController-49e-Tb-3d3.nib/objects-11.0+.nib ... 
2018-04-12 11:59:53 +0000  5503 bytes for ./Base.lproj/Main.storyboardc/UITabBarController-49e-Tb-3d3.nib/objects-11.0+.nib
2018-04-12 11:59:53 +0000  copying file ./Base.lproj/Main.storyboardc/UITabBarController-49e-Tb-3d3.nib/runtime.nib ... 
2018-04-12 11:59:53 +0000  5498 bytes for ./Base.lproj/Main.storyboardc/UITabBarController-49e-Tb-3d3.nib/runtime.nib
copying file ./BiChat ... 
2018-04-12 11:59:53 +0000  4237680 bytes for ./BiChat
copying file ./CHANGELOG.md ... 
2018-04-12 11:59:53 +0000  39176 bytes for ./CHANGELOG.md
copying file ./embedded.mobileprovision ... 
2018-04-12 11:59:53 +0000  22379 bytes for ./embedded.mobileprovision
copying file ./en.lproj/localization.strings ... 
2018-04-12 11:59:53 +0000  42 bytes for ./en.lproj/localization.strings
copying file ./Info.plist ... 
2018-04-12 11:59:53 +0000  2348 bytes for ./Info.plist
2018-04-12 11:59:53 +0000  copying file ./MJRefresh.bundle/arrow@2x.png ... 
1033 bytes for ./MJRefresh.bundle/arrow@2x.png
copying file ./MJRefresh.bundle/en.lproj/Localizable.strings ... 
1372 bytes for ./MJRefresh.bundle/en.lproj/Localizable.strings
2018-04-12 11:59:53 +0000  copying file ./MJRefresh.bundle/zh-Hans.lproj/Localizable.strings ... 
1194 bytes for ./MJRefresh.bundle/zh-Hans.lproj/Localizable.strings
2018-04-12 11:59:53 +0000  copying file ./MJRefresh.bundle/zh-Hant.lproj/Localizable.strings ... 
773 bytes for ./MJRefresh.bundle/zh-Hant.lproj/Localizable.strings
2018-04-12 11:59:53 +0000  copying file ./PkgInfo ... 
2018-04-12 11:59:53 +0000  8 bytes for ./PkgInfo
copying file ./README.md ... 
44606 bytes for ./README.md
copying file ./readme.txt ... 
2018-04-12 11:59:53 +0000  715 bytes for ./readme.txt
2018-04-12 11:59:53 +0000  copying file ./zh-Hans.lproj/LaunchScreen.strings ... 
2018-04-12 11:59:53 +0000  1 bytes for ./zh-Hans.lproj/LaunchScreen.strings
copying file ./zh-Hans.lproj/localization.strings ... 
2018-04-12 11:59:53 +0000  42 bytes for ./zh-Hans.lproj/localization.strings
copying file ./zh-Hans.lproj/Main.strings ... 
2018-04-12 11:59:53 +0000  1210 bytes for ./zh-Hans.lproj/Main.strings
2018-04-12 11:59:53 +0000  copying file ./zh-Hant.lproj/LaunchScreen.strings ... 
2018-04-12 11:59:53 +0000  1 bytes for ./zh-Hant.lproj/LaunchScreen.strings
copying file ./zh-Hant.lproj/localization.strings ... 
2018-04-12 11:59:53 +0000  42 bytes for ./zh-Hant.lproj/localization.strings
copying file ./zh-Hant.lproj/Main.strings ... 
2018-04-12 11:59:53 +0000  1210 bytes for ./zh-Hant.lproj/Main.strings
2018-04-12 11:59:53 +0000  
2018-04-12 11:59:53 +0000  2018-04-12 11:59:53 +0000  /usr/bin/ditto exited with 0

2018-04-12 11:59:53 +0000  
2018-04-12 11:59:53 +0000  Processing step: IDEDistributionEmbedProfileStep
2018-04-12 11:59:53 +0000  Processing step: IDEDistributionAppThinningPlistStep
2018-04-12 11:59:53 +0000  Skipping step: IDEDistributionAppThinningPlistStep because it said so
2018-04-12 11:59:53 +0000  Processing step: IDEDistributionCompileBitcodeStep
2018-04-12 11:59:53 +0000  Skipping step: IDEDistributionCompileBitcodeStep because it said so
2018-04-12 11:59:53 +0000  Processing step: IDEDistributionCodeSlimmingStep
2018-04-12 11:59:53 +0000  Processing step: IDEDistributionCopyBCSymbolMapsStep
2018-04-12 11:59:53 +0000  Skipping step: IDEDistributionCopyBCSymbolMapsStep because it said so
2018-04-12 11:59:53 +0000  Processing step: IDEDistributionSymbolsStep
2018-04-12 11:59:53 +0000  Skipping step: IDEDistributionSymbolsStep because it said so
2018-04-12 11:59:53 +0000  Processing step: IDEDistributionAppThinningStep
2018-04-12 11:59:53 +0000  Skipping step: IDEDistributionAppThinningStep because it said so
2018-04-12 11:59:53 +0000  Processing step: IDEDistributionODRStep
2018-04-12 11:59:53 +0000  Processing step: IDEDistributionStripXattrsStep
2018-04-12 11:59:53 +0000  Running /usr/bin/xattr '-crs' '/var/folders/y2/5l9h4jns7_7_9g8kpkry1pv80000gn/T/XcodeDistPipeline.xjG/Root/Payload/BiChat.app'
2018-04-12 11:59:53 +0000  
2018-04-12 11:59:53 +0000  
2018-04-12 11:59:53 +0000  /usr/bin/xattr exited with 02018-04-12 11:59:53 +0000  

2018-04-12 11:59:53 +0000  2018-04-12 11:59:53 +0000  Processing step: IDEDistributionCodesignStep

2018-04-12 11:59:53 +0000  Entitlements for <IDEDistributionItem: 0x7fa65d513e00 'com.tt2.testapp' '<DVTFilePath:0x7fa65fde1330:'/Users/worm_kc/Library/Developer/Xcode/Archives/2018-04-12/BiChat 2018-4-12 下午7.59.xcarchive/Products/Applications/BiChat.app'>'>: {
    "application-identifier" = "5RJ955KDTW.com.tt2.testapp";
    "com.apple.developer.team-identifier" = 5RJ955KDTW;
    "get-task-allow" = 0;
    "keychain-access-groups" =     (
        "5RJ955KDTW.com.tt2.testapp"
    );
}
2018-04-12 11:59:53 +0000  Writing entitlements for <IDEDistributionItem: 0x7fa65d513e00 'com.tt2.testapp' '<DVTFilePath:0x7fa65fde1330:'/Users/worm_kc/Library/Developer/Xcode/Archives/2018-04-12/BiChat 2018-4-12 下午7.59.xcarchive/Products/Applications/BiChat.app'>'> to: /var/folders/y2/5l9h4jns7_7_9g8kpkry1pv80000gn/T/XcodeDistPipeline.xjG/entitlementsKEu4ni
2018-04-12 11:59:53 +0000  Running /usr/bin/codesign '-vvv' '--force' '--sign' 'E152B0A73E0CF772C37C1D7CDE89BB54DA7E1B78' '--preserve-metadata=identifier,flags' '--entitlements' '/var/folders/y2/5l9h4jns7_7_9g8kpkry1pv80000gn/T/XcodeDistPipeline.xjG/entitlementsKEu4ni' '/var/folders/y2/5l9h4jns7_7_9g8kpkry1pv80000gn/T/XcodeDistPipeline.xjG/Root/Payload/BiChat.app'
2018-04-12 11:59:53 +0000  /var/folders/y2/5l9h4jns7_7_9g8kpkry1pv80000gn/T/XcodeDistPipeline.xjG/Root/Payload/BiChat.app: replacing existing signature
2018-04-12 11:59:53 +0000  /var/folders/y2/5l9h4jns7_7_9g8kpkry1pv80000gn/T/XcodeDistPipeline.xjG/Root/Payload/BiChat.app: signed app bundle with Mach-O universal (armv7 arm64) [com.tt2.testapp]
2018-04-12 11:59:53 +0000  
2018-04-12 11:59:53 +0000  
2018-04-12 11:59:53 +0000  
2018-04-12 11:59:53 +0000  
2018-04-12 11:59:53 +0000  
2018-04-12 11:59:53 +0000  2018-04-12 11:59:53 +0000  /usr/bin/codesign exited with 0

2018-04-12 11:59:53 +0000  
2018-04-12 11:59:53 +0000  Processing step: IDEDistributionStreamingZipItemStep
2018-04-12 11:59:53 +0000  Skipping step: IDEDistributionStreamingZipItemStep because it said so
2018-04-12 11:59:53 +0000  Processing step: IDEDistributionCreateIPAStep
2018-04-12 11:59:53 +0000  Running /usr/bin/ditto '-V' '-c' '-k' '--norsrc' '/var/folders/y2/5l9h4jns7_7_9g8kpkry1pv80000gn/T/XcodeDistPipeline.xjG/Root' '/var/folders/y2/5l9h4jns7_7_9g8kpkry1pv80000gn/T/XcodeDistPipeline.xjG/Packages/BiChat.ipa'
2018-04-12 11:59:53 +0000  >>> Copying /var/folders/y2/5l9h4jns7_7_9g8kpkry1pv80000gn/T/XcodeDistPipeline.xjG/Root 
2018-04-12 11:59:53 +0000  copying file ./Payload/BiChat.app/_CodeSignature/CodeResources ... 
2018-04-12 11:59:53 +0000  17147 bytes for ./Payload/BiChat.app/_CodeSignature/CodeResources
copying file ./Payload/BiChat.app/AppIcon40x40@2x.png ... 
2018-04-12 11:59:53 +0000  6410 bytes for ./Payload/BiChat.app/AppIcon40x40@2x.png
copying file ./Payload/BiChat.app/AppIcon40x40@2x~ipad.png ... 
2018-04-12 11:59:53 +0000  6410 bytes for ./Payload/BiChat.app/AppIcon40x40@2x~ipad.png
copying file ./Payload/BiChat.app/AppIcon40x40@3x.png ... 
10161 bytes for ./Payload/BiChat.app/AppIcon40x40@3x.png
2018-04-12 11:59:53 +0000  copying file ./Payload/BiChat.app/AppIcon60x60@2x.png ... 
10161 bytes for ./Payload/BiChat.app/AppIcon60x60@2x.png
copying file ./Payload/BiChat.app/AppIcon60x60@3x.png ... 
2018-04-12 11:59:53 +0000  13459 bytes for ./Payload/BiChat.app/AppIcon60x60@3x.png
copying file ./Payload/BiChat.app/AppIcon76x76@2x~ipad.png ... 
2018-04-12 11:59:53 +0000  11164 bytes for ./Payload/BiChat.app/AppIcon76x76@2x~ipad.png
copying file ./Payload/BiChat.app/AppIcon76x76~ipad.png ... 
2018-04-12 11:59:53 +0000  6147 bytes for ./Payload/BiChat.app/AppIcon76x76~ipad.png
copying file ./Payload/BiChat.app/AppIcon83.5x83.5@2x~ipad.png ... 
12276 bytes for ./Payload/BiChat.app/AppIcon83.5x83.5@2x~ipad.png
copying file ./Payload/BiChat.app/Assets.car ... 
2018-04-12 11:59:53 +0000  1691608 bytes for ./Payload/BiChat.app/Assets.car
2018-04-12 11:59:53 +0000  copying file ./Payload/BiChat.app/Base.lproj/LaunchScreen.storyboardc/01J-lp-oVM-view-Ze5-6b-2t3.nib ... 
1987 bytes for ./Payload/BiChat.app/Base.lproj/LaunchScreen.storyboardc/01J-lp-oVM-view-Ze5-6b-2t3.nib
copying file ./Payload/BiChat.app/Base.lproj/LaunchScreen.storyboardc/Info.plist ... 
258 bytes for ./Payload/BiChat.app/Base.lproj/LaunchScreen.storyboardc/Info.plist
copying file ./Payload/BiChat.app/Base.lproj/LaunchScreen.storyboardc/UIViewController-01J-lp-oVM.nib ... 
832 bytes for ./Payload/BiChat.app/Base.lproj/LaunchScreen.storyboardc/UIViewController-01J-lp-oVM.nib
copying file ./Payload/BiChat.app/Base.lproj/Main.storyboardc/5rc-Ly-hNt-view-xET-TL-v6s.nib/objects-11.0+.nib ... 
2018-04-12 11:59:53 +0000  1533 bytes for ./Payload/BiChat.app/Base.lproj/Main.storyboardc/5rc-Ly-hNt-view-xET-TL-v6s.nib/objects-11.0+.nib
copying file ./Payload/BiChat.app/Base.lproj/Main.storyboardc/5rc-Ly-hNt-view-xET-TL-v6s.nib/runtime.nib ... 
1670 bytes for ./Payload/BiChat.app/Base.lproj/Main.storyboardc/5rc-Ly-hNt-view-xET-TL-v6s.nib/runtime.nib
copying file ./Payload/BiChat.app/Base.lproj/Main.storyboardc/6oH-WP-sPP-view-8PL-kz-amK.nib/objects-11.0+.nib ... 
2018-04-12 11:59:53 +0000  1469 bytes for ./Payload/BiChat.app/Base.lproj/Main.storyboardc/6oH-WP-sPP-view-8PL-kz-amK.nib/objects-11.0+.nib
copying file ./Payload/BiChat.app/Base.lproj/Main.storyboardc/6oH-WP-sPP-view-8PL-kz-amK.nib/runtime.nib ... 
2018-04-12 11:59:53 +0000  1606 bytes for ./Payload/BiChat.app/Base.lproj/Main.storyboardc/6oH-WP-sPP-view-8PL-kz-amK.nib/runtime.nib
copying file ./Payload/BiChat.app/Base.lproj/Main.storyboardc/EF1-nd-o3Z-view-DGj-gd-8Ae.nib/objects-11.0+.nib ... 
2018-04-12 11:59:53 +0000  1149 bytes for ./Payload/BiChat.app/Base.lproj/Main.storyboardc/EF1-nd-o3Z-view-DGj-gd-8Ae.nib/objects-11.0+.nib
copying file ./Payload/BiChat.app/Base.lproj/Main.storyboardc/EF1-nd-o3Z-view-DGj-gd-8Ae.nib/runtime.nib ... 
1998 bytes for ./Payload/BiChat.app/Base.lproj/Main.storyboardc/EF1-nd-o3Z-view-DGj-gd-8Ae.nib/runtime.nib
copying file ./Payload/BiChat.app/Base.lproj/Main.storyboardc/Info.plist ... 
2018-04-12 11:59:53 +0000  264 bytes for ./Payload/BiChat.app/Base.lproj/Main.storyboardc/Info.plist
copying file ./Payload/BiChat.app/Base.lproj/Main.storyboardc/JFV-6P-vHB-view-A7L-4g-QfJ.nib/objects-11.0+.nib ... 
1533 bytes for ./Payload/BiChat.app/Base.lproj/Main.storyboardc/JFV-6P-vHB-view-A7L-4g-QfJ.nib/objects-11.0+.nib
copying file ./Payload/BiChat.app/Base.lproj/Main.storyboardc/JFV-6P-vHB-view-A7L-4g-QfJ.nib/runtime.nib ... 
2018-04-12 11:59:53 +0000  1670 bytes for ./Payload/BiChat.app/Base.lproj/Main.storyboardc/JFV-6P-vHB-view-A7L-4g-QfJ.nib/runtime.nib
copying file ./Payload/BiChat.app/Base.lproj/Main.storyboardc/rL0-mp-rhs-view-EQS-sy-oQc.nib/objects-11.0+.nib ... 
1533 bytes for ./Payload/BiChat.app/Base.lproj/Main.storyboardc/rL0-mp-rhs-view-EQS-sy-oQc.nib/objects-11.0+.nib
copying file ./Payload/BiChat.app/Base.lproj/Main.storyboardc/rL0-mp-rhs-view-EQS-sy-oQc.nib/runtime.nib ... 
2018-04-12 11:59:53 +0000  1670 bytes for ./Payload/BiChat.app/Base.lproj/Main.storyboardc/rL0-mp-rhs-view-EQS-sy-oQc.nib/runtime.nib
copying file ./Payload/BiChat.app/Base.lproj/Main.storyboardc/UITabBarController-49e-Tb-3d3.nib/objects-11.0+.nib ... 
2018-04-12 11:59:53 +0000  5503 bytes for ./Payload/BiChat.app/Base.lproj/Main.storyboardc/UITabBarController-49e-Tb-3d3.nib/objects-11.0+.nib
copying file ./Payload/BiChat.app/Base.lproj/Main.storyboardc/UITabBarController-49e-Tb-3d3.nib/runtime.nib ... 
2018-04-12 11:59:53 +0000  5498 bytes for ./Payload/BiChat.app/Base.lproj/Main.storyboardc/UITabBarController-49e-Tb-3d3.nib/runtime.nib
copying file ./Payload/BiChat.app/BiChat ... 
2018-04-12 11:59:54 +0000  4237696 bytes for ./Payload/BiChat.app/BiChat
copying file ./Payload/BiChat.app/CHANGELOG.md ... 
2018-04-12 11:59:54 +0000  39176 bytes for ./Payload/BiChat.app/CHANGELOG.md
copying file ./Payload/BiChat.app/embedded.mobileprovision ... 
2018-04-12 11:59:54 +0000  7520 bytes for ./Payload/BiChat.app/embedded.mobileprovision
copying file ./Payload/BiChat.app/en.lproj/localization.strings ... 
2018-04-12 11:59:54 +0000  42 bytes for ./Payload/BiChat.app/en.lproj/localization.strings
copying file ./Payload/BiChat.app/Info.plist ... 
2018-04-12 11:59:54 +0000  2348 bytes for ./Payload/BiChat.app/Info.plist
copying file ./Payload/BiChat.app/MJRefresh.bundle/arrow@2x.png ... 
1033 bytes for ./Payload/BiChat.app/MJRefresh.bundle/arrow@2x.png
copying file ./Payload/BiChat.app/MJRefresh.bundle/en.lproj/Localizable.strings ... 
2018-04-12 11:59:54 +0000  1372 bytes for ./Payload/BiChat.app/MJRefresh.bundle/en.lproj/Localizable.strings
copying file ./Payload/BiChat.app/MJRefresh.bundle/zh-Hans.lproj/Localizable.strings ... 
1194 bytes for ./Payload/BiChat.app/MJRefresh.bundle/zh-Hans.lproj/Localizable.strings
2018-04-12 11:59:54 +0000  copying file ./Payload/BiChat.app/MJRefresh.bundle/zh-Hant.lproj/Localizable.strings ... 
773 bytes for ./Payload/BiChat.app/MJRefresh.bundle/zh-Hant.lproj/Localizable.strings
copying file ./Payload/BiChat.app/PkgInfo ... 
2018-04-12 11:59:54 +0000  8 bytes for ./Payload/BiChat.app/PkgInfo
copying file ./Payload/BiChat.app/README.md ... 
2018-04-12 11:59:54 +0000  44606 bytes for ./Payload/BiChat.app/README.md
copying file ./Payload/BiChat.app/readme.txt ... 
2018-04-12 11:59:54 +0000  715 bytes for ./Payload/BiChat.app/readme.txt
copying file ./Payload/BiChat.app/zh-Hans.lproj/LaunchScreen.strings ... 
2018-04-12 11:59:54 +0000  1 bytes for ./Payload/BiChat.app/zh-Hans.lproj/LaunchScreen.strings
copying file ./Payload/BiChat.app/zh-Hans.lproj/localization.strings ... 
42 bytes for ./Payload/BiChat.app/zh-Hans.lproj/localization.strings
copying file ./Payload/BiChat.app/zh-Hans.lproj/Main.strings ... 
2018-04-12 11:59:54 +0000  1210 bytes for ./Payload/BiChat.app/zh-Hans.lproj/Main.strings
copying file ./Payload/BiChat.app/zh-Hant.lproj/LaunchScreen.strings ... 
1 bytes for ./Payload/BiChat.app/zh-Hant.lproj/LaunchScreen.strings
copying file ./Payload/BiChat.app/zh-Hant.lproj/localization.strings ... 
2018-04-12 11:59:54 +0000  42 bytes for ./Payload/BiChat.app/zh-Hant.lproj/localization.strings
copying file ./Payload/BiChat.app/zh-Hant.lproj/Main.strings ... 
1210 bytes for ./Payload/BiChat.app/zh-Hant.lproj/Main.strings
2018-04-12 11:59:54 +0000  
2018-04-12 11:59:54 +0000  
2018-04-12 11:59:54 +0000  /usr/bin/ditto exited with 0
2018-04-12 11:59:54 +0000  
2018-04-12 11:59:54 +0000  
2018-04-12 11:59:54 +0000  Processing step: IDEDistributionCreateManifestStep
